2018-12-01 02:11:02,717-[TS] INFO main org.apache.kafka.clients.producer.ProducerConfig - ProducerConfig values: 
	compression.type = none
	metric.reporters = []
	metadata.max.age.ms = 300000
	metadata.fetch.timeout.ms = 60000
	acks = 1
	batch.size = 16384
	reconnect.backoff.ms = 10
	bootstrap.servers = [master:9092, slave1:9092, slave2:9092]
	receive.buffer.bytes = 32768
	retry.backoff.ms = 100
	buffer.memory = 33554432
	timeout.ms = 30000
	key.serializer = class org.apache.kafka.common.serialization.StringSerializer
	retries = 0
	max.request.size = 1048576
	block.on.buffer.full = true
	value.serializer = class org.apache.kafka.common.serialization.StringSerializer
	metrics.sample.window.ms = 30000
	send.buffer.bytes = 131072
	max.in.flight.requests.per.connection = 5
	metrics.num.samples = 2
	linger.ms = 0
	client.id = 

2018-12-01 02:11:22,510 [main] [org.apache.spark.SparkContext] [INFO] - Running Spark version 2.2.2
2018-12-01 02:11:22,510-[TS] INFO main org.apache.spark.SparkContext - Running Spark version 2.2.2
2018-12-01 02:11:23,072 [main] [org.apache.hadoop.util.NativeCodeLoader] [WARN] - Unable to load native-hadoop library for your platform... using builtin-java classes where applicable
2018-12-01 02:11:23,072-[TS] WARN main org.apache.hadoop.util.NativeCodeLoader - Unable to load native-hadoop library for your platform... using builtin-java classes where applicable
2018-12-01 02:11:28,275 [main] [org.apache.spark.SparkContext] [INFO] - Submitted application: AdFlowRealTimeCalJob
2018-12-01 02:11:28,275-[TS] INFO main org.apache.spark.SparkContext - Submitted application: AdFlowRealTimeCalJob
2018-12-01 02:11:28,299 [main] [org.apache.spark.SecurityManager] [INFO] - Changing view acls to: newforesee
2018-12-01 02:11:28,299-[TS] INFO main org.apache.spark.SecurityManager - Changing view acls to: newforesee
2018-12-01 02:11:28,299 [main] [org.apache.spark.SecurityManager] [INFO] - Changing modify acls to: newforesee
2018-12-01 02:11:28,299-[TS] INFO main org.apache.spark.SecurityManager - Changing modify acls to: newforesee
2018-12-01 02:11:28,300 [main] [org.apache.spark.SecurityManager] [INFO] - Changing view acls groups to: 
2018-12-01 02:11:28,300-[TS] INFO main org.apache.spark.SecurityManager - Changing view acls groups to: 
2018-12-01 02:11:28,300 [main] [org.apache.spark.SecurityManager] [INFO] - Changing modify acls groups to: 
2018-12-01 02:11:28,300-[TS] INFO main org.apache.spark.SecurityManager - Changing modify acls groups to: 
2018-12-01 02:11:28,301 [main] [org.apache.spark.SecurityManager] [INFO] - SecurityManager: authentication disabled; ui acls disabled; users  with view permissions: Set(newforesee); groups with view permissions: Set(); users  with modify permissions: Set(newforesee); groups with modify permissions: Set()
2018-12-01 02:11:28,301-[TS] INFO main org.apache.spark.SecurityManager - SecurityManager: authentication disabled; ui acls disabled; users  with view permissions: Set(newforesee); groups with view permissions: Set(); users  with modify permissions: Set(newforesee); groups with modify permissions: Set()
2018-12-01 02:11:28,651 [main] [org.apache.spark.util.Utils] [INFO] - Successfully started service 'sparkDriver' on port 50006.
2018-12-01 02:11:28,651-[TS] INFO main org.apache.spark.util.Utils - Successfully started service 'sparkDriver' on port 50006.
2018-12-01 02:11:28,675 [main] [org.apache.spark.SparkEnv] [INFO] - Registering MapOutputTracker
2018-12-01 02:11:28,675-[TS] INFO main org.apache.spark.SparkEnv - Registering MapOutputTracker
2018-12-01 02:11:28,698 [main] [org.apache.spark.SparkEnv] [INFO] - Registering BlockManagerMaster
2018-12-01 02:11:28,698-[TS] INFO main org.apache.spark.SparkEnv - Registering BlockManagerMaster
2018-12-01 02:11:28,703 [main] [org.apache.spark.storage.BlockManagerMasterEndpoint] [INFO] - Using org.apache.spark.storage.DefaultTopologyMapper for getting topology information
2018-12-01 02:11:28,703-[TS] INFO main org.apache.spark.storage.BlockManagerMasterEndpoint - Using org.apache.spark.storage.DefaultTopologyMapper for getting topology information
2018-12-01 02:11:28,704 [main] [org.apache.spark.storage.BlockManagerMasterEndpoint] [INFO] - BlockManagerMasterEndpoint up
2018-12-01 02:11:28,704-[TS] INFO main org.apache.spark.storage.BlockManagerMasterEndpoint - BlockManagerMasterEndpoint up
2018-12-01 02:11:28,721 [main] [org.apache.spark.storage.DiskBlockManager] [INFO] - Created local directory at /private/var/folders/gw/182hsxpd1l78ny7x0627rr1m0000gn/T/blockmgr-182a238b-5946-4f62-a68e-5897c975f066
2018-12-01 02:11:28,721-[TS] INFO main org.apache.spark.storage.DiskBlockManager - Created local directory at /private/var/folders/gw/182hsxpd1l78ny7x0627rr1m0000gn/T/blockmgr-182a238b-5946-4f62-a68e-5897c975f066
2018-12-01 02:11:28,775 [main] [org.apache.spark.storage.memory.MemoryStore] [INFO] - MemoryStore started with capacity 1458.6 MB
2018-12-01 02:11:28,775-[TS] INFO main org.apache.spark.storage.memory.MemoryStore - MemoryStore started with capacity 1458.6 MB
2018-12-01 02:11:28,828 [main] [org.apache.spark.SparkEnv] [INFO] - Registering OutputCommitCoordinator
2018-12-01 02:11:28,828-[TS] INFO main org.apache.spark.SparkEnv - Registering OutputCommitCoordinator
2018-12-01 02:11:28,932 [main] [org.spark_project.jetty.util.log] [INFO] - Logging initialized @7096ms
2018-12-01 02:11:28,932-[TS] INFO main org.spark_project.jetty.util.log - Logging initialized @7096ms
2018-12-01 02:11:29,005 [main] [org.spark_project.jetty.server.Server] [INFO] - jetty-9.3.z-SNAPSHOT
2018-12-01 02:11:29,005-[TS] INFO main org.spark_project.jetty.server.Server - jetty-9.3.z-SNAPSHOT
2018-12-01 02:11:29,022 [main] [org.spark_project.jetty.server.Server] [INFO] - Started @7188ms
2018-12-01 02:11:29,022-[TS] INFO main org.spark_project.jetty.server.Server - Started @7188ms
2018-12-01 02:11:29,048 [main] [org.spark_project.jetty.server.AbstractConnector] [INFO] - Started ServerConnector@3c9168dc{HTTP/1.1,[http/1.1]}{0.0.0.0:4040}
2018-12-01 02:11:29,048-[TS] INFO main org.spark_project.jetty.server.AbstractConnector - Started ServerConnector@3c9168dc{HTTP/1.1,[http/1.1]}{0.0.0.0:4040}
2018-12-01 02:11:29,048 [main] [org.apache.spark.util.Utils] [INFO] - Successfully started service 'SparkUI' on port 4040.
2018-12-01 02:11:29,048-[TS] INFO main org.apache.spark.util.Utils - Successfully started service 'SparkUI' on port 4040.
2018-12-01 02:11:29,071 [main] [org.spark_project.jetty.server.handler.ContextHandler] [INFO] - Started o.s.j.s.ServletContextHandler@4a8ab068{/jobs,null,AVAILABLE,@Spark}
2018-12-01 02:11:29,071-[TS] INFO main org.spark_project.jetty.server.handler.ContextHandler - Started o.s.j.s.ServletContextHandler@4a8ab068{/jobs,null,AVAILABLE,@Spark}
2018-12-01 02:11:29,071 [main] [org.spark_project.jetty.server.handler.ContextHandler] [INFO] - Started o.s.j.s.ServletContextHandler@319dead1{/jobs/json,null,AVAILABLE,@Spark}
2018-12-01 02:11:29,071-[TS] INFO main org.spark_project.jetty.server.handler.ContextHandler - Started o.s.j.s.ServletContextHandler@319dead1{/jobs/json,null,AVAILABLE,@Spark}
2018-12-01 02:11:29,072 [main] [org.spark_project.jetty.server.handler.ContextHandler] [INFO] - Started o.s.j.s.ServletContextHandler@a7e2d9d{/jobs/job,null,AVAILABLE,@Spark}
2018-12-01 02:11:29,072-[TS] INFO main org.spark_project.jetty.server.handler.ContextHandler - Started o.s.j.s.ServletContextHandler@a7e2d9d{/jobs/job,null,AVAILABLE,@Spark}
2018-12-01 02:11:29,073 [main] [org.spark_project.jetty.server.handler.ContextHandler] [INFO] - Started o.s.j.s.ServletContextHandler@372ea2bc{/jobs/job/json,null,AVAILABLE,@Spark}
2018-12-01 02:11:29,073-[TS] INFO main org.spark_project.jetty.server.handler.ContextHandler - Started o.s.j.s.ServletContextHandler@372ea2bc{/jobs/job/json,null,AVAILABLE,@Spark}
2018-12-01 02:11:29,073 [main] [org.spark_project.jetty.server.handler.ContextHandler] [INFO] - Started o.s.j.s.ServletContextHandler@2f08c4b{/stages,null,AVAILABLE,@Spark}
2018-12-01 02:11:29,073-[TS] INFO main org.spark_project.jetty.server.handler.ContextHandler - Started o.s.j.s.ServletContextHandler@2f08c4b{/stages,null,AVAILABLE,@Spark}
2018-12-01 02:11:29,073 [main] [org.spark_project.jetty.server.handler.ContextHandler] [INFO] - Started o.s.j.s.ServletContextHandler@7de0c6ae{/stages/json,null,AVAILABLE,@Spark}
2018-12-01 02:11:29,073-[TS] INFO main org.spark_project.jetty.server.handler.ContextHandler - Started o.s.j.s.ServletContextHandler@7de0c6ae{/stages/json,null,AVAILABLE,@Spark}
2018-12-01 02:11:29,074 [main] [org.spark_project.jetty.server.handler.ContextHandler] [INFO] - Started o.s.j.s.ServletContextHandler@cdc3aae{/stages/stage,null,AVAILABLE,@Spark}
2018-12-01 02:11:29,074-[TS] INFO main org.spark_project.jetty.server.handler.ContextHandler - Started o.s.j.s.ServletContextHandler@cdc3aae{/stages/stage,null,AVAILABLE,@Spark}
2018-12-01 02:11:29,075 [main] [org.spark_project.jetty.server.handler.ContextHandler] [INFO] - Started o.s.j.s.ServletContextHandler@21526f6c{/stages/stage/json,null,AVAILABLE,@Spark}
2018-12-01 02:11:29,075-[TS] INFO main org.spark_project.jetty.server.handler.ContextHandler - Started o.s.j.s.ServletContextHandler@21526f6c{/stages/stage/json,null,AVAILABLE,@Spark}
2018-12-01 02:11:29,075 [main] [org.spark_project.jetty.server.handler.ContextHandler] [INFO] - Started o.s.j.s.ServletContextHandler@299266e2{/stages/pool,null,AVAILABLE,@Spark}
2018-12-01 02:11:29,075-[TS] INFO main org.spark_project.jetty.server.handler.ContextHandler - Started o.s.j.s.ServletContextHandler@299266e2{/stages/pool,null,AVAILABLE,@Spark}
2018-12-01 02:11:29,076 [main] [org.spark_project.jetty.server.handler.ContextHandler] [INFO] - Started o.s.j.s.ServletContextHandler@66ea1466{/stages/pool/json,null,AVAILABLE,@Spark}
2018-12-01 02:11:29,076-[TS] INFO main org.spark_project.jetty.server.handler.ContextHandler - Started o.s.j.s.ServletContextHandler@66ea1466{/stages/pool/json,null,AVAILABLE,@Spark}
2018-12-01 02:11:29,076 [main] [org.spark_project.jetty.server.handler.ContextHandler] [INFO] - Started o.s.j.s.ServletContextHandler@3bffddff{/storage,null,AVAILABLE,@Spark}
2018-12-01 02:11:29,076-[TS] INFO main org.spark_project.jetty.server.handler.ContextHandler - Started o.s.j.s.ServletContextHandler@3bffddff{/storage,null,AVAILABLE,@Spark}
2018-12-01 02:11:29,077 [main] [org.spark_project.jetty.server.handler.ContextHandler] [INFO] - Started o.s.j.s.ServletContextHandler@50687efb{/storage/json,null,AVAILABLE,@Spark}
2018-12-01 02:11:29,077-[TS] INFO main org.spark_project.jetty.server.handler.ContextHandler - Started o.s.j.s.ServletContextHandler@50687efb{/storage/json,null,AVAILABLE,@Spark}
2018-12-01 02:11:29,077 [main] [org.spark_project.jetty.server.handler.ContextHandler] [INFO] - Started o.s.j.s.ServletContextHandler@142eef62{/storage/rdd,null,AVAILABLE,@Spark}
2018-12-01 02:11:29,077-[TS] INFO main org.spark_project.jetty.server.handler.ContextHandler - Started o.s.j.s.ServletContextHandler@142eef62{/storage/rdd,null,AVAILABLE,@Spark}
2018-12-01 02:11:29,078 [main] [org.spark_project.jetty.server.handler.ContextHandler] [INFO] - Started o.s.j.s.ServletContextHandler@5990e6c5{/storage/rdd/json,null,AVAILABLE,@Spark}
2018-12-01 02:11:29,078-[TS] INFO main org.spark_project.jetty.server.handler.ContextHandler - Started o.s.j.s.ServletContextHandler@5990e6c5{/storage/rdd/json,null,AVAILABLE,@Spark}
2018-12-01 02:11:29,079 [main] [org.spark_project.jetty.server.handler.ContextHandler] [INFO] - Started o.s.j.s.ServletContextHandler@35d6ca49{/environment,null,AVAILABLE,@Spark}
2018-12-01 02:11:29,079-[TS] INFO main org.spark_project.jetty.server.handler.ContextHandler - Started o.s.j.s.ServletContextHandler@35d6ca49{/environment,null,AVAILABLE,@Spark}
2018-12-01 02:11:29,079 [main] [org.spark_project.jetty.server.handler.ContextHandler] [INFO] - Started o.s.j.s.ServletContextHandler@47289387{/environment/json,null,AVAILABLE,@Spark}
2018-12-01 02:11:29,079-[TS] INFO main org.spark_project.jetty.server.handler.ContextHandler - Started o.s.j.s.ServletContextHandler@47289387{/environment/json,null,AVAILABLE,@Spark}
2018-12-01 02:11:29,080 [main] [org.spark_project.jetty.server.handler.ContextHandler] [INFO] - Started o.s.j.s.ServletContextHandler@114a85c2{/executors,null,AVAILABLE,@Spark}
2018-12-01 02:11:29,080-[TS] INFO main org.spark_project.jetty.server.handler.ContextHandler - Started o.s.j.s.ServletContextHandler@114a85c2{/executors,null,AVAILABLE,@Spark}
2018-12-01 02:11:29,080 [main] [org.spark_project.jetty.server.handler.ContextHandler] [INFO] - Started o.s.j.s.ServletContextHandler@cf65451{/executors/json,null,AVAILABLE,@Spark}
2018-12-01 02:11:29,080-[TS] INFO main org.spark_project.jetty.server.handler.ContextHandler - Started o.s.j.s.ServletContextHandler@cf65451{/executors/json,null,AVAILABLE,@Spark}
2018-12-01 02:11:29,081 [main] [org.spark_project.jetty.server.handler.ContextHandler] [INFO] - Started o.s.j.s.ServletContextHandler@37eeec90{/executors/threadDump,null,AVAILABLE,@Spark}
2018-12-01 02:11:29,081-[TS] INFO main org.spark_project.jetty.server.handler.ContextHandler - Started o.s.j.s.ServletContextHandler@37eeec90{/executors/threadDump,null,AVAILABLE,@Spark}
2018-12-01 02:11:29,082 [main] [org.spark_project.jetty.server.handler.ContextHandler] [INFO] - Started o.s.j.s.ServletContextHandler@c9413d8{/executors/threadDump/json,null,AVAILABLE,@Spark}
2018-12-01 02:11:29,082-[TS] INFO main org.spark_project.jetty.server.handler.ContextHandler - Started o.s.j.s.ServletContextHandler@c9413d8{/executors/threadDump/json,null,AVAILABLE,@Spark}
2018-12-01 02:11:29,089 [main] [org.spark_project.jetty.server.handler.ContextHandler] [INFO] - Started o.s.j.s.ServletContextHandler@46074492{/static,null,AVAILABLE,@Spark}
2018-12-01 02:11:29,089-[TS] INFO main org.spark_project.jetty.server.handler.ContextHandler - Started o.s.j.s.ServletContextHandler@46074492{/static,null,AVAILABLE,@Spark}
2018-12-01 02:11:29,090 [main] [org.spark_project.jetty.server.handler.ContextHandler] [INFO] - Started o.s.j.s.ServletContextHandler@46c670a6{/,null,AVAILABLE,@Spark}
2018-12-01 02:11:29,090-[TS] INFO main org.spark_project.jetty.server.handler.ContextHandler - Started o.s.j.s.ServletContextHandler@46c670a6{/,null,AVAILABLE,@Spark}
2018-12-01 02:11:29,091 [main] [org.spark_project.jetty.server.handler.ContextHandler] [INFO] - Started o.s.j.s.ServletContextHandler@5ae81e1{/api,null,AVAILABLE,@Spark}
2018-12-01 02:11:29,091-[TS] INFO main org.spark_project.jetty.server.handler.ContextHandler - Started o.s.j.s.ServletContextHandler@5ae81e1{/api,null,AVAILABLE,@Spark}
2018-12-01 02:11:29,092 [main] [org.spark_project.jetty.server.handler.ContextHandler] [INFO] - Started o.s.j.s.ServletContextHandler@54709809{/jobs/job/kill,null,AVAILABLE,@Spark}
2018-12-01 02:11:29,092-[TS] INFO main org.spark_project.jetty.server.handler.ContextHandler - Started o.s.j.s.ServletContextHandler@54709809{/jobs/job/kill,null,AVAILABLE,@Spark}
2018-12-01 02:11:29,093 [main] [org.spark_project.jetty.server.handler.ContextHandler] [INFO] - Started o.s.j.s.ServletContextHandler@24f360b2{/stages/stage/kill,null,AVAILABLE,@Spark}
2018-12-01 02:11:29,093-[TS] INFO main org.spark_project.jetty.server.handler.ContextHandler - Started o.s.j.s.ServletContextHandler@24f360b2{/stages/stage/kill,null,AVAILABLE,@Spark}
2018-12-01 02:11:29,095 [main] [org.apache.spark.ui.SparkUI] [INFO] - Bound SparkUI to 0.0.0.0, and started at http://192.168.0.108:4040
2018-12-01 02:11:29,095-[TS] INFO main org.apache.spark.ui.SparkUI - Bound SparkUI to 0.0.0.0, and started at http://192.168.0.108:4040
2018-12-01 02:11:29,196 [main] [org.apache.spark.executor.Executor] [INFO] - Starting executor ID driver on host localhost
2018-12-01 02:11:29,196-[TS] INFO main org.apache.spark.executor.Executor - Starting executor ID driver on host localhost
2018-12-01 02:11:29,221 [main] [org.apache.spark.util.Utils] [INFO] - Successfully started service 'org.apache.spark.network.netty.NettyBlockTransferService' on port 50007.
2018-12-01 02:11:29,221-[TS] INFO main org.apache.spark.util.Utils - Successfully started service 'org.apache.spark.network.netty.NettyBlockTransferService' on port 50007.
2018-12-01 02:11:29,222 [main] [org.apache.spark.network.netty.NettyBlockTransferService] [INFO] - Server created on 192.168.0.108:50007
2018-12-01 02:11:29,222-[TS] INFO main org.apache.spark.network.netty.NettyBlockTransferService - Server created on 192.168.0.108:50007
2018-12-01 02:11:29,225 [main] [org.apache.spark.storage.BlockManager] [INFO] - Using org.apache.spark.storage.RandomBlockReplicationPolicy for block replication policy
2018-12-01 02:11:29,225-[TS] INFO main org.apache.spark.storage.BlockManager - Using org.apache.spark.storage.RandomBlockReplicationPolicy for block replication policy
2018-12-01 02:11:29,270 [main] [org.apache.spark.storage.BlockManagerMaster] [INFO] - Registering BlockManager BlockManagerId(driver, 192.168.0.108, 50007, None)
2018-12-01 02:11:29,270-[TS] INFO main org.apache.spark.storage.BlockManagerMaster - Registering BlockManager BlockManagerId(driver, 192.168.0.108, 50007, None)
2018-12-01 02:11:29,275 [dispatcher-event-loop-2] [org.apache.spark.storage.BlockManagerMasterEndpoint] [INFO] - Registering block manager 192.168.0.108:50007 with 1458.6 MB RAM, BlockManagerId(driver, 192.168.0.108, 50007, None)
2018-12-01 02:11:29,275-[TS] INFO dispatcher-event-loop-2 org.apache.spark.storage.BlockManagerMasterEndpoint - Registering block manager 192.168.0.108:50007 with 1458.6 MB RAM, BlockManagerId(driver, 192.168.0.108, 50007, None)
2018-12-01 02:11:29,278 [main] [org.apache.spark.storage.BlockManagerMaster] [INFO] - Registered BlockManager BlockManagerId(driver, 192.168.0.108, 50007, None)
2018-12-01 02:11:29,278-[TS] INFO main org.apache.spark.storage.BlockManagerMaster - Registered BlockManager BlockManagerId(driver, 192.168.0.108, 50007, None)
2018-12-01 02:11:29,279 [main] [org.apache.spark.storage.BlockManager] [INFO] - Initialized BlockManager: BlockManagerId(driver, 192.168.0.108, 50007, None)
2018-12-01 02:11:29,279-[TS] INFO main org.apache.spark.storage.BlockManager - Initialized BlockManager: BlockManagerId(driver, 192.168.0.108, 50007, None)
2018-12-01 02:11:29,475 [main] [org.spark_project.jetty.server.handler.ContextHandler] [INFO] - Started o.s.j.s.ServletContextHandler@3e58d65e{/metrics/json,null,AVAILABLE,@Spark}
2018-12-01 02:11:29,475-[TS] INFO main org.spark_project.jetty.server.handler.ContextHandler - Started o.s.j.s.ServletContextHandler@3e58d65e{/metrics/json,null,AVAILABLE,@Spark}
2018-12-01 02:14:58,182 [BatchedWriteAheadLog Writer] [org.apache.spark.streaming.util.BatchedWriteAheadLog] [WARN] - BatchedWriteAheadLog Writer queue interrupted.
2018-12-01 02:14:58,182-[TS] WARN BatchedWriteAheadLog Writer org.apache.spark.streaming.util.BatchedWriteAheadLog - BatchedWriteAheadLog Writer queue interrupted.
2018-12-01 02:14:59,021 [JobGenerator] [org.apache.spark.streaming.kafka.DirectKafkaInputDStream] [ERROR] - ArrayBuffer(java.nio.channels.ClosedChannelException, java.nio.channels.ClosedChannelException, java.nio.channels.ClosedChannelException)
2018-12-01 02:14:59,021-[TS] ERROR JobGenerator org.apache.spark.streaming.kafka.DirectKafkaInputDStream - ArrayBuffer(java.nio.channels.ClosedChannelException, java.nio.channels.ClosedChannelException, java.nio.channels.ClosedChannelException)
